<?xml version="1.0" encoding="UTF-8"?>
<!-- Generated by org.testng.reporters.JUnitXMLReporter -->
<testsuite hostname="BLRIDC52002982" name="Test" tests="6" failures="1" timestamp="20 Nov 2019 03:26:15 GMT" time="45.697" errors="0">
  <testcase name="clickCreateAccountLinkTest" time="0.307" classname="com.crm.TestCases.AccountPageTest"/>
  <testcase name="clickForgotMailLinkTest" time="0.136" classname="com.crm.TestCases.AccountPageTest"/>
  <testcase name="clickLearnMoreLinkTest" time="4.111" classname="com.crm.TestCases.AccountPageTest"/>
  <testcase name="loginUsingEmailTest" time="0.068" classname="com.crm.TestCases.AccountPageTest">
    <failure type="java.lang.NullPointerException">
      <![CDATA[java.lang.NullPointerException
	at com.crm.TestUtils.TestUtil.takeScreenshotAtEndOfTest(TestUtil.java:46)
	at com.crm.TestUtils.WebEventListener.onException(WebEventListener.java:60)
	at org.openqa.selenium.support.events.EventFiringWebDriver.lambda$new$0(EventFiringWebDriver.java:84)
	at com.sun.proxy.$Proxy5.onException(Unknown Source)
	at org.openqa.selenium.support.events.EventFiringWebDriver$EventFiringWebElement.lambda$new$0(EventFiringWebDriver.java:406)
	at com.sun.proxy.$Proxy11.sendKeys(Unknown Source)
	at org.openqa.selenium.support.events.EventFiringWebDriver$EventFiringWebElement.sendKeys(EventFiringWebDriver.java:429)
	at org.openqa.selenium.support.pagefactory.internal.LocatingElementHandler.invoke(LocatingElementHandler.java:51)
	at com.sun.proxy.$Proxy10.sendKeys(Unknown Source)
	at com.crm.Pages.AccountPage.loginUsingEmail(AccountPage.java:65)
	at com.crm.TestCases.AccountPageTest.loginUsingEmailTest(AccountPageTest.java:48)
... Removed 32 stack frames]]>
    </failure>
  </testcase> <!-- loginUsingEmailTest -->
  <testcase name="pageLogoTest" time="0.037" classname="com.crm.TestCases.AccountPageTest"/>
  <testcase name="verifyPageTitleTest" time="0.006" classname="com.crm.TestCases.AccountPageTest"/>
</testsuite> <!-- Test -->
