<?xml version="1.0" encoding="UTF-8"?>
<testng-results skipped="1" failed="0" total="1" passed="0">
  <reporter-output>
  </reporter-output>
  <suite name="Default suite" duration-ms="459" started-at="2019-11-20T15:52:07Z" finished-at="2019-11-20T15:52:07Z">
    <groups>
    </groups>
    <test name="Default test" duration-ms="459" started-at="2019-11-20T15:52:07Z" finished-at="2019-11-20T15:52:07Z">
      <class name="com.crm.TestCases.HalfEbayTest">
        <test-method status="SKIP" signature="ebayUserDetails(java.lang.String, java.lang.String, java.lang.String, java.lang.String)[pri:0, instance:com.crm.TestCases.HalfEbayTest@6e8dacdf]" name="ebayUserDetails" duration-ms="0" started-at="2019-11-20T21:22:07Z" data-provider="getTestData" finished-at="2019-11-20T21:22:07Z">
          <exception class="java.lang.RuntimeException">
            <message>
              <![CDATA[java.lang.NoSuchMethodError: org.apache.poi.xssf.usermodel.XSSFCell.getCellType()I]]>
            </message>
            <full-stacktrace>
              <![CDATA[java.lang.RuntimeException: java.lang.NoSuchMethodError: org.apache.poi.xssf.usermodel.XSSFCell.getCellType()I
	at org.testng.internal.MethodInvocationHelper.invokeDataProvider(MethodInvocationHelper.java:163)
	at org.testng.internal.Parameters.handleParameters(Parameters.java:430)
	at org.testng.internal.Invoker.handleParameters(Invoker.java:1276)
	at org.testng.internal.Invoker.createParameters(Invoker.java:991)
	at org.testng.internal.Invoker.invokeTestMethods(Invoker.java:1081)
	at org.testng.internal.TestMethodWorker.invokeTestMethods(TestMethodWorker.java:129)
	at org.testng.internal.TestMethodWorker.run(TestMethodWorker.java:112)
	at org.testng.TestRunner.privateRun(TestRunner.java:782)
	at org.testng.TestRunner.run(TestRunner.java:632)
	at org.testng.SuiteRunner.runTest(SuiteRunner.java:366)
	at org.testng.SuiteRunner.runSequentially(SuiteRunner.java:361)
	at org.testng.SuiteRunner.privateRun(SuiteRunner.java:319)
	at org.testng.SuiteRunner.run(SuiteRunner.java:268)
	at org.testng.SuiteRunnerWorker.runSuite(SuiteRunnerWorker.java:52)
	at org.testng.SuiteRunnerWorker.run(SuiteRunnerWorker.java:86)
	at org.testng.TestNG.runSuitesSequentially(TestNG.java:1244)
	at org.testng.TestNG.runSuitesLocally(TestNG.java:1169)
	at org.testng.TestNG.run(TestNG.java:1064)
	at org.testng.remote.RemoteTestNG.run(RemoteTestNG.java:113)
	at org.testng.remote.RemoteTestNG.initAndRun(RemoteTestNG.java:206)
	at org.testng.remote.RemoteTestNG.main(RemoteTestNG.java:177)
Caused by: java.lang.NoSuchMethodError: org.apache.poi.xssf.usermodel.XSSFCell.getCellType()I
	at com.excel.utility.Xls_Reader.getCellData(Xls_Reader.java:94)
	at com.crm.TestUtils.TestUtil.getDataFromExcel(TestUtil.java:32)
	at com.crm.TestCases.HalfEbayTest.getTestData(HalfEbayTest.java:38)
	at sun.reflect.NativeMethodAccessorImpl.invoke0(Native Method)
	at sun.reflect.NativeMethodAccessorImpl.invoke(Unknown Source)
	at sun.reflect.DelegatingMethodAccessorImpl.invoke(Unknown Source)
	at java.lang.reflect.Method.invoke(Unknown Source)
	at org.testng.internal.MethodInvocationHelper.invokeMethod(MethodInvocationHelper.java:86)
	at org.testng.internal.MethodInvocationHelper.invokeDataProvider(MethodInvocationHelper.java:155)
	... 20 more
]]>
            </full-stacktrace>
          </exception> <!-- java.lang.RuntimeException -->
          <reporter-output>
          </reporter-output>
        </test-method> <!-- ebayUserDetails -->
      </class> <!-- com.crm.TestCases.HalfEbayTest -->
    </test> <!-- Default test -->
  </suite> <!-- Default suite -->
</testng-results>
